0 info it worked if it ends with ok
1 verbose cli [ '/usr/local/bin/node',
1 verbose cli   '/usr/local/bin/npm',
1 verbose cli   'run',
1 verbose cli   'test',
1 verbose cli   '--no-cache' ]
2 info using npm@6.10.2
3 info using node@v10.14.2
4 verbose run-script [ 'pretest', 'test', 'posttest' ]
5 info lifecycle todo-app@0.1.0~pretest: todo-app@0.1.0
6 info lifecycle todo-app@0.1.0~test: todo-app@0.1.0
7 verbose lifecycle todo-app@0.1.0~test: unsafe-perm in lifecycle true
8 verbose lifecycle todo-app@0.1.0~test: PATH: /usr/local/lib/node_modules/npm/node_modules/npm-lifecycle/node-gyp-bin:/Users/oussama/Projects/Angular2/todoApp/node_modules/.bin:/usr/local/bin:/usr/bin:/bin:/usr/sbin:/sbin:/Library/TeX/texbin
9 verbose lifecycle todo-app@0.1.0~test: CWD: /Users/oussama/Projects/Angular2/todoApp
10 silly lifecycle todo-app@0.1.0~test: Args: [ '-c', 'ng test' ]
11 silly lifecycle todo-app@0.1.0~test: Returned: code: 1  signal: null
12 info lifecycle todo-app@0.1.0~test: Failed to exec test script
13 verbose stack Error: todo-app@0.1.0 test: `ng test`
13 verbose stack Exit status 1
13 verbose stack     at EventEmitter.<anonymous> (/usr/local/lib/node_modules/npm/node_modules/npm-lifecycle/index.js:326:16)
13 verbose stack     at EventEmitter.emit (events.js:182:13)
13 verbose stack     at ChildProcess.<anonymous> (/usr/local/lib/node_modules/npm/node_modules/npm-lifecycle/lib/spawn.js:55:14)
13 verbose stack     at ChildProcess.emit (events.js:182:13)
13 verbose stack     at maybeClose (internal/child_process.js:962:16)
13 verbose stack     at Process.ChildProcess._handle.onexit (internal/child_process.js:251:5)
14 verbose pkgid todo-app@0.1.0
15 verbose cwd /Users/oussama/Projects/Angular2/todoApp
16 verbose Darwin 18.7.0
17 verbose argv "/usr/local/bin/node" "/usr/local/bin/npm" "run" "test" "--no-cache"
18 verbose node v10.14.2
19 verbose npm  v6.10.2
20 error code ELIFECYCLE
21 error errno 1
22 error todo-app@0.1.0 test: `ng test`
22 error Exit status 1
23 error Failed at the todo-app@0.1.0 test script.
23 error This is probably not a problem with npm. There is likely additional logging output above.
24 verbose exit [ 1, true ]
